[Fx] PROVIDE	fx.Lifecycle <= go.uber.org/fx.New.func1()
[Fx] PROVIDE	fx.Shutdowner <= go.uber.org/fx.(*App).shutdowner-fm()
[Fx] PROVIDE	fx.DotGraph <= go.uber.org/fx.(*App).dotGraph-fm()
[Fx] SUPPLY	*signal.signalCtx
[Fx] PROVIDE	config.ConfigFactory <= gitlab.cept.gov.in/it-2.0-common/api-config.NewDefaultConfigFactory() from module "configmodule"
[Fx] PROVIDE	*config.Config <= gitlab.cept.gov.in/it-2.0-common/n-api-bootstrapper.newFxConfig() from module "configmodule"
[Fx] PROVIDE	log.LoggerFactory <= gitlab.cept.gov.in/it-2.0-common/n-api-log.NewDefaultLoggerFactory() from module "logmodule"
[Fx] PROVIDE	db.DBConfig[name = "write_config"] <= fx.Annotated{Name: "write_config", Target: gitlab.cept.gov.in/it-2.0-common/n-api-bootstrapper.dbconfig()} from module "Write DBModule"
[Fx] PROVIDE	*db.DBConfig[name = "write_prepared_config"] <= fx.Annotated{Name: "write_prepared_config", Target: gitlab.cept.gov.in/it-2.0-common/n-api-db.DBFactory.NewPreparedDBConfig-fm()} from module "Write DBModule"
[Fx] PROVIDE	*db.DB[name = "write_db"] <= fx.Annotated{Name: "write_db", Target: gitlab.cept.gov.in/it-2.0-common/n-api-bootstrapper.init.func2()} from module "Write DBModule"
[Fx] PROVIDE	*db.DB <= gitlab.cept.gov.in/it-2.0-common/n-api-bootstrapper.init.func3() from module "Write DBModule"
[Fx] PROVIDE	[]*router.registry <= gitlab.cept.gov.in/it-2.0-common/n-api-server.ParseGroupedControllers() from module "router"
[Fx] PROVIDE	*router.Router <= gitlab.cept.gov.in/it-2.0-common/n-api-server.Defaultgin() from module "router"
[Fx] PROVIDE	[]swagger.EndpointDef <= gitlab.cept.gov.in/it-2.0-common/n-api-server.GetSwaggerDefs() from module "router"
[Fx] PROVIDE	*openapi3.T <= gitlab.cept.gov.in/it-2.0-common/n-api-server/swagger.buildDocs() from module "swagger"
[Fx] PROVIDE	wrapper.Wrapper[*github.com/gin-gonic/gin.Engine] <= gitlab.cept.gov.in/it-2.0-common/n-api-server/swagger.ginWrapper() from module "swagger"
[Fx] PROVIDE	trace.TracerProviderFactory <= gitlab.cept.gov.in/it-2.0-common/api-trace.NewDefaultTracerProviderFactory() from module "trace"
[Fx] PROVIDE	*trace.TracerProvider <= gitlab.cept.gov.in/it-2.0-common/n-api-bootstrapper.NewFxTracerProvider() from module "trace"
[Fx] PROVIDE	trace.TracerProvider <= fx.Annotate(gitlab.cept.gov.in/it-2.0-common/n-api-bootstrapper.NewFxTracerProvider(), fx.As([[trace.TracerProvider]]) from module "trace"
[Fx] PROVIDE	fxmetrics.MetricsRegistryFactory <= gitlab.cept.gov.in/it-2.0-common/api-metrics.NewDefaultMetricsRegistryFactory() from module "metrics"
[Fx] PROVIDE	*prometheus.Registry <= gitlab.cept.gov.in/it-2.0-common/api-metrics.NewFxMetricsRegistry() from module "metrics"
[Fx] PROVIDE	*repo.RevivalRepository <= plirevival/repo/postgres.NewRevivalRepository() from module "Repomodule"
[Fx] PROVIDE	*repo.PolicyRepository <= plirevival/repo/postgres.NewPolicyRepository() from module "Repomodule"
[Fx] PROVIDE	*repo.PaymentRepository <= plirevival/repo/postgres.NewPaymentRepository() from module "Repomodule"
[Fx] PROVIDE	handler.Handler[group = "servercontrollers"] <= fx.Annotate(plirevival/handler.NewRevivalHandler(), fx.ResultTags(["group:\"servercontrollers\""]), fx.As([[handler.Handler]]) from module "Handlermodule"
[Fx] PROVIDE	*workflow.Activities <= plirevival/workflow.NewActivities() from module "ActivitiesModule"
[Fx] PROVIDE	client.Client <= plirevival/bootstrap.temporalclient() from module "temporal"
[Fx] PROVIDE	worker.Worker <= plirevival/bootstrap.ProvideTemporalWorker() from module "temporal"
[Fx] INVOKE		gitlab.cept.gov.in/it-2.0-common/n-api-bootstrapper.newFxLogger() from module "logmodule"
[Fx] BEFORE RUN	provide: gitlab.cept.gov.in/it-2.0-common/n-api-log.NewDefaultLoggerFactory() from module "logmodule"
[Fx] RUN	provide: gitlab.cept.gov.in/it-2.0-common/n-api-log.NewDefaultLoggerFactory() in 478.875µs from module "logmodule"
[Fx] BEFORE RUN	provide: gitlab.cept.gov.in/it-2.0-common/api-config.NewDefaultConfigFactory() from module "configmodule"
[Fx] RUN	provide: gitlab.cept.gov.in/it-2.0-common/api-config.NewDefaultConfigFactory() in 9.875µs from module "configmodule"
[Fx] BEFORE RUN	provide: gitlab.cept.gov.in/it-2.0-common/n-api-bootstrapper.newFxConfig() from module "configmodule"
[Fx] RUN	provide: gitlab.cept.gov.in/it-2.0-common/n-api-bootstrapper.newFxConfig() in 6.076125ms from module "configmodule"
[Fx] INVOKE		gitlab.cept.gov.in/it-2.0-common/n-api-bootstrapper.dblifecycle() from module "Write DBModule"
[Fx] BEFORE RUN	supply: stub(*signal.signalCtx)
[Fx] RUN	supply: stub(*signal.signalCtx) in 365.625µs
[Fx] BEFORE RUN	provide: fx.Annotated{Name: "write_config", Target: gitlab.cept.gov.in/it-2.0-common/n-api-bootstrapper.dbconfig()} from module "Write DBModule"
[Fx] RUN	provide: fx.Annotated{Name: "write_config", Target: gitlab.cept.gov.in/it-2.0-common/n-api-bootstrapper.dbconfig()} in 154.125µs from module "Write DBModule"
[Fx] BEFORE RUN	provide: go.uber.org/fx.New.func1()
[Fx] RUN	provide: go.uber.org/fx.New.func1() in 7.292µs
[Fx] BEFORE RUN	provide: gitlab.cept.gov.in/it-2.0-common/api-trace.NewDefaultTracerProviderFactory() from module "trace"
[Fx] RUN	provide: gitlab.cept.gov.in/it-2.0-common/api-trace.NewDefaultTracerProviderFactory() in 6.959µs from module "trace"
[Fx] BEFORE RUN	provide: gitlab.cept.gov.in/it-2.0-common/n-api-bootstrapper.NewFxTracerProvider() from module "trace"
[Fx] RUN	provide: gitlab.cept.gov.in/it-2.0-common/n-api-bootstrapper.NewFxTracerProvider() in 1.683917ms from module "trace"
[Fx] BEFORE RUN	provide: gitlab.cept.gov.in/it-2.0-common/api-metrics.NewDefaultMetricsRegistryFactory() from module "metrics"
[Fx] RUN	provide: gitlab.cept.gov.in/it-2.0-common/api-metrics.NewDefaultMetricsRegistryFactory() in 12.75µs from module "metrics"
[Fx] BEFORE RUN	provide: gitlab.cept.gov.in/it-2.0-common/api-metrics.NewFxMetricsRegistry() from module "metrics"
[Fx] RUN	provide: gitlab.cept.gov.in/it-2.0-common/api-metrics.NewFxMetricsRegistry() in 97.042µs from module "metrics"
[Fx] BEFORE RUN	provide: fx.Annotated{Name: "write_db", Target: gitlab.cept.gov.in/it-2.0-common/n-api-bootstrapper.init.func2()} from module "Write DBModule"
[Fx] RUN	provide: fx.Annotated{Name: "write_db", Target: gitlab.cept.gov.in/it-2.0-common/n-api-bootstrapper.init.func2()} in 6.292834ms from module "Write DBModule"
[Fx] INVOKE		gitlab.cept.gov.in/it-2.0-common/n-api-server/swagger.generatejson() from module "swagger"
[Fx] BEFORE RUN	provide: gitlab.cept.gov.in/it-2.0-common/n-api-bootstrapper.init.func3() from module "Write DBModule"
[Fx] RUN	provide: gitlab.cept.gov.in/it-2.0-common/n-api-bootstrapper.init.func3() in 62.083µs from module "Write DBModule"
[Fx] BEFORE RUN	provide: plirevival/repo/postgres.NewRevivalRepository() from module "Repomodule"
[Fx] RUN	provide: plirevival/repo/postgres.NewRevivalRepository() in 1.226167ms from module "Repomodule"
[Fx] BEFORE RUN	provide: plirevival/repo/postgres.NewPolicyRepository() from module "Repomodule"
[Fx] RUN	provide: plirevival/repo/postgres.NewPolicyRepository() in 2.183875ms from module "Repomodule"
[Fx] BEFORE RUN	provide: plirevival/repo/postgres.NewPaymentRepository() from module "Repomodule"
[Fx] RUN	provide: plirevival/repo/postgres.NewPaymentRepository() in 13.917µs from module "Repomodule"
[Fx] BEFORE RUN	provide: plirevival/workflow.NewActivities() from module "ActivitiesModule"
[Fx] RUN	provide: plirevival/workflow.NewActivities() in 14.958µs from module "ActivitiesModule"
[Fx] BEFORE RUN	provide: plirevival/bootstrap.temporalclient() from module "temporal"
[Fx] RUN	provide: plirevival/bootstrap.temporalclient() in 83.522708ms from module "temporal"
[Fx] BEFORE RUN	provide: fx.Annotate(plirevival/handler.NewRevivalHandler(), fx.ResultTags(["group:\"servercontrollers\""]), fx.As([[handler.Handler]]) from module "Handlermodule"
[Fx] RUN	provide: fx.Annotate(plirevival/handler.NewRevivalHandler(), fx.ResultTags(["group:\"servercontrollers\""]), fx.As([[handler.Handler]]) in 320.333µs from module "Handlermodule"
[Fx] BEFORE RUN	provide: gitlab.cept.gov.in/it-2.0-common/n-api-server.ParseGroupedControllers() from module "router"
[Fx] RUN	provide: gitlab.cept.gov.in/it-2.0-common/n-api-server.ParseGroupedControllers() in 1.173125ms from module "router"
[Fx] BEFORE RUN	provide: gitlab.cept.gov.in/it-2.0-common/n-api-server.GetSwaggerDefs() from module "router"
[Fx] RUN	provide: gitlab.cept.gov.in/it-2.0-common/n-api-server.GetSwaggerDefs() in 619.833µs from module "router"
[Fx] BEFORE RUN	provide: gitlab.cept.gov.in/it-2.0-common/n-api-server/swagger.buildDocs() from module "swagger"
v3Doc has been successfully stored in v3Doc.json
[Fx] RUN	provide: gitlab.cept.gov.in/it-2.0-common/n-api-server/swagger.buildDocs() in 20.356666ms from module "swagger"
[Fx] INVOKE		gitlab.cept.gov.in/it-2.0-common/n-api-bootstrapper.startServer() from module "router"
[Fx] BEFORE RUN	provide: gitlab.cept.gov.in/it-2.0-common/n-api-server.Defaultgin() from module "router"
{"level":"debug","service":"app","version":"1.0.0","time":"2026-02-09T17:47:32+05:30","message":"registered debug pprof handlers"}
{"level":"debug","service":"app","version":"1.0.0","time":"2026-02-09T17:47:32+05:30","message":"registered dashboard theme handler"}
{"level":"debug","service":"app","version":"1.0.0","time":"2026-02-09T17:47:32+05:30","message":"registered dashboard handler"}
[Fx] RUN	provide: gitlab.cept.gov.in/it-2.0-common/n-api-server.Defaultgin() in 3.294667ms from module "router"
[Fx] INVOKE		plirevival/bootstrap.temporallifecycle() from module "temporal"
[Fx] INVOKE		plirevival/bootstrap.RunWorker() from module "temporal"
[Fx] BEFORE RUN	provide: plirevival/bootstrap.ProvideTemporalWorker() from module "temporal"
[Fx] RUN	provide: plirevival/bootstrap.ProvideTemporalWorker() in 131.513125ms from module "temporal"
[Fx] HOOK OnStart		gitlab.cept.gov.in/it-2.0-common/n-api-bootstrapper.dblifecycle.func1() executing (caller: gitlab.cept.gov.in/it-2.0-common/n-api-bootstrapper.dblifecycle)
{"level":"info","service":"app","version":"1.0.0","module":"DBModule","time":"2026-02-09T17:47:32+05:30","message":"Starting fxdb module"}
{"level":"info","service":"app","version":"1.0.0","time":"2026-02-09T17:47:32+05:30","message":"Successfully connected to the database"}
[Fx] HOOK OnStart		gitlab.cept.gov.in/it-2.0-common/n-api-bootstrapper.dblifecycle.func1() called by gitlab.cept.gov.in/it-2.0-common/n-api-bootstrapper.dblifecycle ran successfully in 1.296ms
[Fx] HOOK OnStart		plirevival/bootstrap.temporallifecycle.func1() executing (caller: plirevival/bootstrap.temporallifecycle)
[Fx] HOOK OnStart		plirevival/bootstrap.temporallifecycle.func1() called by plirevival/bootstrap.temporallifecycle ran successfully in 5µs
[Fx] HOOK OnStart		plirevival/bootstrap.RunWorker.func1() executing (caller: plirevival/bootstrap.RunWorker)
[Fx] HOOK OnStart		plirevival/bootstrap.RunWorker.func1() called by plirevival/bootstrap.RunWorker ran successfully in 14.292µs
[Fx] RUNNING
{"level":"info","service":"dummy","time":"2026-02-09T17:47:32+05:30","caller":"/Users/varunshpe/CEPT/pli-revival-backend-code/bootstrap/inst.go:24","message":"Started Worker | Namespace=default | TaskQueue=revival | WorkerID=57463@HPE-DJHXMY9XQ3@"}
{"level":"info","service":"app","version":"1.0.0","time":"2026-02-09T17:47:48+05:30","caller":"/Users/varunshpe/CEPT/pli-revival-backend-code/handler/revival.go:460","message":"revival workflow started successfully%!(EXTRA string=ticket_id, string=PSREYVc558ad4d-53f, string=workflow_id, string=revival-workflow-PSREYVc558ad4d-53f)"}
{"level":"info","service":"app","version":"1.0.0","request-id":"127dcd85-b1e4-4fb7-8238-3179a84ee4d4","trace_id":"","office-id":"","user-id":"","user-agent":"PostmanRuntime/7.51.1","client-ip":"::1","method":"POST","path":"/v1/revival/requests/index","protocol":"HTTP/1.1","http-referer":"","status":201,"latency-ms":31,"bytes-received":659,"bytes-sent":286,"time":"2026-02-09T17:47:48+05:30","message":"request"}
{"level":"info","service":"dummy","time":"2026-02-09T17:47:48+05:30","caller":"/Users/varunshpe/CEPT/pli-revival-backend-code/bootstrap/inst.go:24","message":"Validating policy for revival | Namespace=default | TaskQueue=revival | WorkerID=57463@HPE-DJHXMY9XQ3@ | WorkflowType=InstallmentRevivalWorkflow | WorkflowID=revival-workflow-PSREYVc558ad4d-53f | RunID=019c4256-28fa-73a1-b29f-298fb04dfcaa | Attempt=1"}
{"level":"info","service":"dummy","time":"2026-02-09T17:47:48+05:30","caller":"/Users/varunshpe/CEPT/pli-revival-backend-code/bootstrap/inst.go:24","message":"Policy validated, maturity date cached | Namespace=default | TaskQueue=revival | WorkerID=57463@HPE-DJHXMY9XQ3@ | WorkflowType=InstallmentRevivalWorkflow | WorkflowID=revival-workflow-PSREYVc558ad4d-53f | RunID=019c4256-28fa-73a1-b29f-298fb04dfcaa | Attempt=1 | maturity_date=2045-01-01 00:00:00 +0000 UTC"}
{"level":"info","service":"dummy","time":"2026-02-09T17:47:48+05:30","caller":"/Users/varunshpe/CEPT/pli-revival-backend-code/bootstrap/inst.go:24","message":"Creating revival request in database | Namespace=default | TaskQueue=revival | WorkerID=57463@HPE-DJHXMY9XQ3@ | WorkflowType=InstallmentRevivalWorkflow | WorkflowID=revival-workflow-PSREYVc558ad4d-53f | RunID=019c4256-28fa-73a1-b29f-298fb04dfcaa | Attempt=1"}
{"level":"info","service":"dummy","time":"2026-02-09T17:47:48+05:30","caller":"/Users/varunshpe/CEPT/pli-revival-backend-code/bootstrap/inst.go:24","message":"Revival request created successfully | Namespace=default | TaskQueue=revival | WorkerID=57463@HPE-DJHXMY9XQ3@ | WorkflowType=InstallmentRevivalWorkflow | WorkflowID=revival-workflow-PSREYVc558ad4d-53f | RunID=019c4256-28fa-73a1-b29f-298fb04dfcaa | Attempt=1 | request_id=0c776d20-9638-473b-8e20-5138ae2fc9b6"}
{"level":"info","service":"dummy","time":"2026-02-09T17:47:48+05:30","caller":"/Users/varunshpe/CEPT/pli-revival-backend-code/bootstrap/inst.go:24","message":"Waiting for data entry completion | Namespace=default | TaskQueue=revival | WorkerID=57463@HPE-DJHXMY9XQ3@ | WorkflowType=InstallmentRevivalWorkflow | WorkflowID=revival-workflow-PSREYVc558ad4d-53f | RunID=019c4256-28fa-73a1-b29f-298fb04dfcaa | Attempt=1"}
{"level":"debug","service":"app","version":"1.0.0","request-id":"c983da19-c6e2-4e27-a026-e71ee8b6305e","trace_id":"","office-id":"","user-id":"","time":"2026-02-09T17:48:16+05:30","caller":"/Users/varunshpe/CEPT/pli-revival-backend-code/handler/revival.go:240","message":"GetRevivalRequest called%!(EXTRA string=ticket_id, string=PSREYVc558ad4d-53f)"}
{"level":"debug","service":"app","version":"1.0.0","request-id":"c983da19-c6e2-4e27-a026-e71ee8b6305e","trace_id":"","office-id":"","user-id":"","time":"2026-02-09T17:48:16+05:30","caller":"/Users/varunshpe/CEPT/pli-revival-backend-code/handler/revival.go:248","message":"Revival request fetched%!(EXTRA string=policy_number, string=0000000000001)"}
{"level":"debug","service":"app","version":"1.0.0","request-id":"c983da19-c6e2-4e27-a026-e71ee8b6305e","trace_id":"","office-id":"","user-id":"","time":"2026-02-09T17:48:16+05:30","caller":"/Users/varunshpe/CEPT/pli-revival-backend-code/handler/revival.go:260","message":"Policy check complete%!(EXTRA string=valid, bool=true)"}
{"level":"debug","service":"app","version":"1.0.0","request-id":"c983da19-c6e2-4e27-a026-e71ee8b6305e","trace_id":"","office-id":"","user-id":"","time":"2026-02-09T17:48:16+05:30","caller":"/Users/varunshpe/CEPT/pli-revival-backend-code/handler/revival.go:273","message":"Base response built"}
{"level":"debug","service":"app","version":"1.0.0","request-id":"c983da19-c6e2-4e27-a026-e71ee8b6305e","trace_id":"","office-id":"","user-id":"","time":"2026-02-09T17:48:16+05:30","caller":"/Users/varunshpe/CEPT/pli-revival-backend-code/handler/revival.go:280","message":"Policy details added"}
{"level":"debug","service":"app","version":"1.0.0","request-id":"c983da19-c6e2-4e27-a026-e71ee8b6305e","trace_id":"","office-id":"","user-id":"","time":"2026-02-09T17:48:16+05:30","caller":"/Users/varunshpe/CEPT/pli-revival-backend-code/handler/revival.go:302","message":"Indexing details processed"}
{"level":"debug","service":"app","version":"1.0.0","request-id":"c983da19-c6e2-4e27-a026-e71ee8b6305e","trace_id":"","office-id":"","user-id":"","time":"2026-02-09T17:48:16+05:30","caller":"/Users/varunshpe/CEPT/pli-revival-backend-code/handler/revival.go:330","message":"Data entry details processed"}
{"level":"debug","service":"app","version":"1.0.0","request-id":"c983da19-c6e2-4e27-a026-e71ee8b6305e","trace_id":"","office-id":"","user-id":"","time":"2026-02-09T17:48:16+05:30","caller":"/Users/varunshpe/CEPT/pli-revival-backend-code/handler/revival.go:355","message":"QC details processed"}
{"level":"debug","service":"app","version":"1.0.0","request-id":"c983da19-c6e2-4e27-a026-e71ee8b6305e","trace_id":"","office-id":"","user-id":"","time":"2026-02-09T17:48:16+05:30","caller":"/Users/varunshpe/CEPT/pli-revival-backend-code/handler/revival.go:375","message":"Approval details processed"}
{"level":"debug","service":"app","version":"1.0.0","request-id":"c983da19-c6e2-4e27-a026-e71ee8b6305e","trace_id":"","office-id":"","user-id":"","time":"2026-02-09T17:48:16+05:30","caller":"/Users/varunshpe/CEPT/pli-revival-backend-code/handler/revival.go:377","message":"GetRevivalRequest response built successfully%!(EXTRA string=ticket_id, string=PSREYVc558ad4d-53f, string=response, port.RevivalRequestDetails={0c776d20-9638-473b-8e20-5138ae2fc9b6 PSREYVc558ad4d-53f 0000000000001 John Doe CUST0000000001 installment_revival INDEXED 2026-02-09 17:47:48.839197 +0000 UTC 0xc0009fa770 0xc0009fa780 0xc00089d0c0 <nil> <nil> <nil>})"}
{"level":"info","service":"app","version":"1.0.0","request-id":"c983da19-c6e2-4e27-a026-e71ee8b6305e","trace_id":"","office-id":"","user-id":"","user-agent":"PostmanRuntime/7.51.1","client-ip":"::1","method":"GET","path":"/v1/revival/requests/PSREYVc558ad4d-53f","protocol":"HTTP/1.1","http-referer":"","status":200,"latency-ms":7,"bytes-received":0,"bytes-sent":742,"time":"2026-02-09T17:48:16+05:30","message":"request"}
{"level":"info","service":"app","version":"1.0.0","request-id":"5247f012-a316-44b5-91fa-7343cfda8566","trace_id":"","office-id":"","user-id":"","time":"2026-02-09T17:48:22+05:30","caller":"/Users/varunshpe/CEPT/pli-revival-backend-code/handler/revival.go:480","message":"SubmitDataEntry handler started%!(EXTRA string=ticket_id, string=PSREYVc558ad4d-53f)"}
{"level":"info","service":"app","version":"1.0.0","request-id":"5247f012-a316-44b5-91fa-7343cfda8566","trace_id":"","office-id":"","user-id":"","time":"2026-02-09T17:48:22+05:30","caller":"/Users/varunshpe/CEPT/pli-revival-backend-code/handler/revival.go:489","message":"Revival request found%!(EXTRA string=ticket_id, string=PSREYVc558ad4d-53f, string=status, string=INDEXED)"}
{"level":"info","service":"app","version":"1.0.0","request-id":"5247f012-a316-44b5-91fa-7343cfda8566","trace_id":"","office-id":"","user-id":"","time":"2026-02-09T17:48:22+05:30","caller":"/Users/varunshpe/CEPT/pli-revival-backend-code/handler/revival.go:513","message":"Serialized documents submitted%!(EXTRA string=ticket_id, string=PSREYVc558ad4d-53f, string=count, int=1, string=json, string=[{\"document_type\":\"REVIVAL_APPLICATION\",\"document_id\":\"DOC001\"}])"}
{"level":"info","service":"app","version":"1.0.0","request-id":"5247f012-a316-44b5-91fa-7343cfda8566","trace_id":"","office-id":"","user-id":"","time":"2026-02-09T17:48:22+05:30","caller":"/Users/varunshpe/CEPT/pli-revival-backend-code/handler/revival.go:568","message":"Workflow signaled successfully for data entry%!(EXTRA string=ticket_id, string=PSREYVc558ad4d-53f, string=documents_sent, string=[{\"document_type\":\"REVIVAL_APPLICATION\",\"document_id\":\"DOC001\"}])"}
{"level":"info","service":"app","version":"1.0.0","request-id":"5247f012-a316-44b5-91fa-7343cfda8566","trace_id":"","office-id":"","user-id":"","time":"2026-02-09T17:48:22+05:30","caller":"/Users/varunshpe/CEPT/pli-revival-backend-code/handler/revival.go:574","message":"Updating database directly for data entry%!(EXTRA string=ticket_id, string=PSREYVc558ad4d-53f, string=documents_json, string=[{\"document_type\":\"REVIVAL_APPLICATION\",\"document_id\":\"DOC001\"}], string=workflow_signaled, bool=true)"}
{"level":"info","service":"dummy","time":"2026-02-09T17:48:22+05:30","caller":"/Users/varunshpe/CEPT/pli-revival-backend-code/bootstrap/inst.go:24","message":"Data entry signal received | Namespace=default | TaskQueue=revival | WorkerID=57463@HPE-DJHXMY9XQ3@ | WorkflowType=InstallmentRevivalWorkflow | WorkflowID=revival-workflow-PSREYVc558ad4d-53f | RunID=019c4256-28fa-73a1-b29f-298fb04dfcaa | Attempt=1 | entered_by=DATA_ENTRY_USER"}
{"level":"info","service":"app","version":"1.0.0","request-id":"5247f012-a316-44b5-91fa-7343cfda8566","trace_id":"","office-id":"","user-id":"","time":"2026-02-09T17:48:22+05:30","caller":"/Users/varunshpe/CEPT/pli-revival-backend-code/handler/revival.go:592","message":"Database updated successfully for data entry%!(EXTRA string=ticket_id, string=PSREYVc558ad4d-53f)"}
{"level":"info","service":"app","version":"1.0.0","request-id":"5247f012-a316-44b5-91fa-7343cfda8566","trace_id":"","office-id":"","user-id":"","time":"2026-02-09T17:48:22+05:30","caller":"/Users/varunshpe/CEPT/pli-revival-backend-code/handler/revival.go:594","message":"SubmitDataEntry returning success response%!(EXTRA string=ticket_id, string=PSREYVc558ad4d-53f)"}
{"level":"info","service":"app","version":"1.0.0","request-id":"5247f012-a316-44b5-91fa-7343cfda8566","trace_id":"","office-id":"","user-id":"","time":"2026-02-09T17:48:22+05:30","caller":"/Users/varunshpe/CEPT/pli-revival-backend-code/handler/revival.go:604","message":"SubmitDataEntry response created%!(EXTRA string=response_status, int=200, string=response_success, bool=true)"}
{"level":"info","service":"app","version":"1.0.0","request-id":"5247f012-a316-44b5-91fa-7343cfda8566","trace_id":"","office-id":"","user-id":"","user-agent":"PostmanRuntime/7.51.1","client-ip":"::1","method":"POST","path":"/v1/revival/requests/PSREYVc558ad4d-53f/data-entry","protocol":"HTTP/1.1","http-referer":"","status":200,"latency-ms":17,"bytes-received":1560,"bytes-sent":267,"time":"2026-02-09T17:48:22+05:30","message":"request"}
{"level":"info","service":"dummy","time":"2026-02-09T17:48:22+05:30","caller":"/Users/varunshpe/CEPT/pli-revival-backend-code/bootstrap/inst.go:24","message":"No previous suspense found - normal revival flow | Namespace=default | TaskQueue=revival | WorkerID=57463@HPE-DJHXMY9XQ3@ | WorkflowType=InstallmentRevivalWorkflow | WorkflowID=revival-workflow-PSREYVc558ad4d-53f | RunID=019c4256-28fa-73a1-b29f-298fb04dfcaa | Attempt=1"}
{"level":"info","service":"dummy","time":"2026-02-09T17:48:22+05:30","caller":"/Users/varunshpe/CEPT/pli-revival-backend-code/bootstrap/inst.go:24","message":"Data entry completed and updated in database | Namespace=default | TaskQueue=revival | WorkerID=57463@HPE-DJHXMY9XQ3@ | WorkflowType=InstallmentRevivalWorkflow | WorkflowID=revival-workflow-PSREYVc558ad4d-53f | RunID=019c4256-28fa-73a1-b29f-298fb04dfcaa | Attempt=1 | installments=6"}
{"level":"info","service":"dummy","time":"2026-02-09T17:48:22+05:30","caller":"/Users/varunshpe/CEPT/pli-revival-backend-code/bootstrap/inst.go:24","message":"Moving to quality check stage | Namespace=default | TaskQueue=revival | WorkerID=57463@HPE-DJHXMY9XQ3@ | WorkflowType=InstallmentRevivalWorkflow | WorkflowID=revival-workflow-PSREYVc558ad4d-53f | RunID=019c4256-28fa-73a1-b29f-298fb04dfcaa | Attempt=1"}
{"level":"info","service":"dummy","time":"2026-02-09T17:48:22+05:30","caller":"/Users/varunshpe/CEPT/pli-revival-backend-code/bootstrap/inst.go:24","message":"Waiting for quality check completion | Namespace=default | TaskQueue=revival | WorkerID=57463@HPE-DJHXMY9XQ3@ | WorkflowType=InstallmentRevivalWorkflow | WorkflowID=revival-workflow-PSREYVc558ad4d-53f | RunID=019c4256-28fa-73a1-b29f-298fb04dfcaa | Attempt=1"}
{"level":"info","service":"app","version":"1.0.0","request-id":"30321b03-d7d8-4140-aff0-d963d55a61f2","trace_id":"","office-id":"","user-id":"","time":"2026-02-09T17:48:27+05:30","caller":"/Users/varunshpe/CEPT/pli-revival-backend-code/handler/revival.go:610","message":"SubmitQualityCheck handler started%!(EXTRA string=ticket_id, string=PSREYVc558ad4d-53f, string=qc_passed, bool=true)"}
{"level":"info","service":"app","version":"1.0.0","request-id":"30321b03-d7d8-4140-aff0-d963d55a61f2","trace_id":"","office-id":"","user-id":"","time":"2026-02-09T17:48:27+05:30","caller":"/Users/varunshpe/CEPT/pli-revival-backend-code/handler/revival.go:618","message":"Revival request found for QC%!(EXTRA string=ticket_id, string=PSREYVc558ad4d-53f, string=status, string=DATA_ENTRY_COMPLETE)"}
{"level":"info","service":"app","version":"1.0.0","request-id":"30321b03-d7d8-4140-aff0-d963d55a61f2","trace_id":"","office-id":"","user-id":"","time":"2026-02-09T17:48:27+05:30","caller":"/Users/varunshpe/CEPT/pli-revival-backend-code/handler/revival.go:673","message":"SubmitQualityCheck returning success response%!(EXTRA string=ticket_id, string=PSREYVc558ad4d-53f, string=next_status, string=APPROVAL_PENDING)"}
{"level":"info","service":"app","version":"1.0.0","request-id":"30321b03-d7d8-4140-aff0-d963d55a61f2","trace_id":"","office-id":"","user-id":"","time":"2026-02-09T17:48:27+05:30","caller":"/Users/varunshpe/CEPT/pli-revival-backend-code/handler/revival.go:683","message":"SubmitQualityCheck response created%!(EXTRA string=response_status, int=200, string=response_success, bool=true)"}
{"level":"info","service":"app","version":"1.0.0","request-id":"30321b03-d7d8-4140-aff0-d963d55a61f2","trace_id":"","office-id":"","user-id":"","user-agent":"PostmanRuntime/7.51.1","client-ip":"::1","method":"POST","path":"/v1/revival/requests/PSREYVc558ad4d-53f/quality-check","protocol":"HTTP/1.1","http-referer":"","status":200,"latency-ms":3,"bytes-received":231,"bytes-sent":259,"time":"2026-02-09T17:48:27+05:30","message":"request"}
{"level":"info","service":"dummy","time":"2026-02-09T17:48:27+05:30","caller":"/Users/varunshpe/CEPT/pli-revival-backend-code/bootstrap/inst.go:24","message":"Quality check signal received | Namespace=default | TaskQueue=revival | WorkerID=57463@HPE-DJHXMY9XQ3@ | WorkflowType=InstallmentRevivalWorkflow | WorkflowID=revival-workflow-PSREYVc558ad4d-53f | RunID=019c4256-28fa-73a1-b29f-298fb04dfcaa | Attempt=1 | qc_passed=true | performed_by=QC_USER"}
{"level":"info","service":"dummy","time":"2026-02-09T17:48:27+05:30","caller":"/Users/varunshpe/CEPT/pli-revival-backend-code/bootstrap/inst.go:24","message":"QC passed - moving to approval stage | Namespace=default | TaskQueue=revival | WorkerID=57463@HPE-DJHXMY9XQ3@ | WorkflowType=InstallmentRevivalWorkflow | WorkflowID=revival-workflow-PSREYVc558ad4d-53f | RunID=019c4256-28fa-73a1-b29f-298fb04dfcaa | Attempt=1"}
{"level":"info","service":"dummy","time":"2026-02-09T17:48:27+05:30","caller":"/Users/varunshpe/CEPT/pli-revival-backend-code/bootstrap/inst.go:24","message":"Waiting for approval decision | Namespace=default | TaskQueue=revival | WorkerID=57463@HPE-DJHXMY9XQ3@ | WorkflowType=InstallmentRevivalWorkflow | WorkflowID=revival-workflow-PSREYVc558ad4d-53f | RunID=019c4256-28fa-73a1-b29f-298fb04dfcaa | Attempt=1"}
{"level":"info","service":"app","version":"1.0.0","request-id":"87d877f5-32db-49fd-8434-69f5265181b5","trace_id":"","office-id":"","user-id":"","user-agent":"PostmanRuntime/7.51.1","client-ip":"::1","method":"POST","path":"/v1/revival/requests/PSREYVc558ad4d-53f/approval-decision","protocol":"HTTP/1.1","http-referer":"","status":200,"latency-ms":6,"bytes-received":195,"bytes-sent":309,"time":"2026-02-09T17:48:34+05:30","message":"request"}
{"level":"info","service":"dummy","time":"2026-02-09T17:48:34+05:30","caller":"/Users/varunshpe/CEPT/pli-revival-backend-code/bootstrap/inst.go:24","message":"Approval decision received | Namespace=default | TaskQueue=revival | WorkerID=57463@HPE-DJHXMY9XQ3@ | WorkflowType=InstallmentRevivalWorkflow | WorkflowID=revival-workflow-PSREYVc558ad4d-53f | RunID=019c4256-28fa-73a1-b29f-298fb04dfcaa | Attempt=1 | approved=true | approved_by=MANAGER_USER"}
{"level":"info","service":"dummy","time":"2026-02-09T17:48:34+05:30","caller":"/Users/varunshpe/CEPT/pli-revival-backend-code/bootstrap/inst.go:24","message":"Revival request approved - proceeding to collection stage | Namespace=default | TaskQueue=revival | WorkerID=57463@HPE-DJHXMY9XQ3@ | WorkflowType=InstallmentRevivalWorkflow | WorkflowID=revival-workflow-PSREYVc558ad4d-53f | RunID=019c4256-28fa-73a1-b29f-298fb04dfcaa | Attempt=1"}
{"level":"info","service":"dummy","time":"2026-02-09T17:48:34+05:30","caller":"/Users/varunshpe/CEPT/pli-revival-backend-code/bootstrap/inst.go:24","message":"Approval updated in database | Namespace=default | TaskQueue=revival | WorkerID=57463@HPE-DJHXMY9XQ3@ | WorkflowType=InstallmentRevivalWorkflow | WorkflowID=revival-workflow-PSREYVc558ad4d-53f | RunID=019c4256-28fa-73a1-b29f-298fb04dfcaa | Attempt=1 | sla_end_date=2026-04-10 12:18:34.811 +0000 UTC"}
{"level":"info","service":"dummy","time":"2026-02-09T17:48:34+05:30","caller":"/Users/varunshpe/CEPT/pli-revival-backend-code/bootstrap/inst.go:24","message":"Starting collection phase | Namespace=default | TaskQueue=revival | WorkerID=57463@HPE-DJHXMY9XQ3@ | WorkflowType=InstallmentRevivalWorkflow | WorkflowID=revival-workflow-PSREYVc558ad4d-53f | RunID=019c4256-28fa-73a1-b29f-298fb04dfcaa | Attempt=1"}
{"level":"info","service":"app","version":"1.0.0","time":"2026-02-09T17:48:46+05:30","caller":"/Users/varunshpe/CEPT/pli-revival-backend-code/handler/revival.go:1022","message":"Sending first-collection-complete signal to revival workflow%!(EXTRA string=workflow_id, string=revival-workflow-PSREYVc558ad4d-53f, string=run_id, string=019c4256-28fa-73a1-b29f-298fb04dfcaa, string=ticket_id, string=PSREYVc558ad4d-53f)"}
{"level":"info","service":"app","version":"1.0.0","time":"2026-02-09T17:48:46+05:30","caller":"/Users/varunshpe/CEPT/pli-revival-backend-code/handler/revival.go:1046","message":"Successfully signaled revival workflow for first collection%!(EXTRA string=workflow_id, string=revival-workflow-PSREYVc558ad4d-53f, string=ticket_id, string=PSREYVc558ad4d-53f)"}
{"level":"info","service":"app","version":"1.0.0","request-id":"3027adb4-c138-45c3-b42b-5ef89a810395","trace_id":"","office-id":"","user-id":"","user-agent":"PostmanRuntime/7.51.1","client-ip":"::1","method":"POST","path":"/v1/revival/first-collections","protocol":"HTTP/1.1","http-referer":"","status":200,"latency-ms":14,"bytes-received":475,"bytes-sent":750,"time":"2026-02-09T17:48:46+05:30","message":"request"}
{"level":"info","service":"dummy","time":"2026-02-09T17:48:46+05:30","caller":"/Users/varunshpe/CEPT/pli-revival-backend-code/bootstrap/inst.go:24","message":"📥 RECEIVED first-collection-complete signal | Namespace=default | TaskQueue=revival | WorkerID=57463@HPE-DJHXMY9XQ3@ | WorkflowType=InstallmentRevivalWorkflow | WorkflowID=revival-workflow-PSREYVc558ad4d-53f | RunID=019c4256-28fa-73a1-b29f-298fb04dfcaa | Attempt=1 | request_id=0c776d20-9638-473b-8e20-5138ae2fc9b6 | ticket_id=PSREYVc558ad4d-53f | collection_date=2026-02-09 12:18:46.918 +0000 UTC | payment_mode=CASH | total_amount=363155.54"}
{"level":"info","service":"dummy","time":"2026-02-09T17:48:46+05:30","caller":"/Users/varunshpe/CEPT/pli-revival-backend-code/bootstrap/inst.go:24","message":"About to start InstallmentMonitorWorkflow as child | Namespace=default | TaskQueue=revival | WorkerID=57463@HPE-DJHXMY9XQ3@ | WorkflowType=InstallmentRevivalWorkflow | WorkflowID=revival-workflow-PSREYVc558ad4d-53f | RunID=019c4256-28fa-73a1-b29f-298fb04dfcaa | Attempt=1 | request_id=0c776d20-9638-473b-8e20-5138ae2fc9b6 | number_of_installments=6 | has_suspense=false"}
{"level":"info","service":"dummy","time":"2026-02-09T17:48:46+05:30","caller":"/Users/varunshpe/CEPT/pli-revival-backend-code/bootstrap/inst.go:24","message":"Child workflow options configured | Namespace=default | TaskQueue=revival | WorkerID=57463@HPE-DJHXMY9XQ3@ | WorkflowType=InstallmentRevivalWorkflow | WorkflowID=revival-workflow-PSREYVc558ad4d-53f | RunID=019c4256-28fa-73a1-b29f-298fb04dfcaa | Attempt=1 | child_workflow_id=installment-monitor-0c776d20-9638-473b-8e20-5138ae2fc9b6 | parent_close_policy=ABANDON"}
{"level":"info","service":"dummy","time":"2026-02-09T17:48:46+05:30","caller":"/Users/varunshpe/CEPT/pli-revival-backend-code/bootstrap/inst.go:24","message":"🚀 Executing child workflow now | Namespace=default | TaskQueue=revival | WorkerID=57463@HPE-DJHXMY9XQ3@ | WorkflowType=InstallmentRevivalWorkflow | WorkflowID=revival-workflow-PSREYVc558ad4d-53f | RunID=019c4256-28fa-73a1-b29f-298fb04dfcaa | Attempt=1 | request_id=0c776d20-9638-473b-8e20-5138ae2fc9b6 | next_due_date=2026-03-01 00:00:00 +0000 UTC | pending_installments=6"}
{"level":"info","service":"dummy","time":"2026-02-09T17:48:46+05:30","caller":"/Users/varunshpe/CEPT/pli-revival-backend-code/bootstrap/inst.go:24","message":"✅ Child workflow ExecuteChildWorkflow called | Namespace=default | TaskQueue=revival | WorkerID=57463@HPE-DJHXMY9XQ3@ | WorkflowType=InstallmentRevivalWorkflow | WorkflowID=revival-workflow-PSREYVc558ad4d-53f | RunID=019c4256-28fa-73a1-b29f-298fb04dfcaa | Attempt=1 | request_id=0c776d20-9638-473b-8e20-5138ae2fc9b6 | child_workflow_future_nil=false"}
{"level":"info","service":"dummy","time":"2026-02-09T17:48:46+05:30","caller":"/Users/varunshpe/CEPT/pli-revival-backend-code/bootstrap/inst.go:24","message":"Selector completed - processing event | Namespace=default | TaskQueue=revival | WorkerID=57463@HPE-DJHXMY9XQ3@ | WorkflowType=InstallmentRevivalWorkflow | WorkflowID=revival-workflow-PSREYVc558ad4d-53f | RunID=019c4256-28fa-73a1-b29f-298fb04dfcaa | Attempt=1 | event_type=FIRST_COLLECTION | child_workflow_future_nil=false | no_pending_installments=false"}
{"level":"info","service":"dummy","time":"2026-02-09T17:48:46+05:30","caller":"/Users/varunshpe/CEPT/pli-revival-backend-code/bootstrap/inst.go:24","message":"Waiting for InstallmentMonitorWorkflow child to start | Namespace=default | TaskQueue=revival | WorkerID=57463@HPE-DJHXMY9XQ3@ | WorkflowType=InstallmentRevivalWorkflow | WorkflowID=revival-workflow-PSREYVc558ad4d-53f | RunID=019c4256-28fa-73a1-b29f-298fb04dfcaa | Attempt=1 | request_id=0c776d20-9638-473b-8e20-5138ae2fc9b6"}
{"level":"info","service":"dummy","time":"2026-02-09T17:48:46+05:30","caller":"/Users/varunshpe/CEPT/pli-revival-backend-code/bootstrap/inst.go:24","message":"✅ InstallmentMonitorWorkflow started successfully | Namespace=default | TaskQueue=revival | WorkerID=57463@HPE-DJHXMY9XQ3@ | WorkflowType=InstallmentRevivalWorkflow | WorkflowID=revival-workflow-PSREYVc558ad4d-53f | RunID=019c4256-28fa-73a1-b29f-298fb04dfcaa | Attempt=1 | child_workflow_id=installment-monitor-0c776d20-9638-473b-8e20-5138ae2fc9b6 | child_run_id=019c4257-0c2c-77a1-9460-cb76a36b8827 | request_id=0c776d20-9638-473b-8e20-5138ae2fc9b6"}
{"level":"info","service":"dummy","time":"2026-02-09T17:48:46+05:30","caller":"/Users/varunshpe/CEPT/pli-revival-backend-code/bootstrap/inst.go:24","message":"RevivalWorkflow completing | Namespace=default | TaskQueue=revival | WorkerID=57463@HPE-DJHXMY9XQ3@ | WorkflowType=InstallmentRevivalWorkflow | WorkflowID=revival-workflow-PSREYVc558ad4d-53f | RunID=019c4256-28fa-73a1-b29f-298fb04dfcaa | Attempt=1 | request_id=0c776d20-9638-473b-8e20-5138ae2fc9b6 | final_status=ACTIVE"}
{"level":"info","service":"dummy","time":"2026-02-09T17:48:46+05:30","caller":"/Users/varunshpe/CEPT/pli-revival-backend-code/bootstrap/inst.go:24","message":"InstallmentMonitorWorkflow started | Namespace=default | TaskQueue=revival | WorkerID=57463@HPE-DJHXMY9XQ3@ | WorkflowType=InstallmentMonitorWorkflow | WorkflowID=installment-monitor-0c776d20-9638-473b-8e20-5138ae2fc9b6 | RunID=019c4257-0c2c-77a1-9460-cb76a36b8827 | Attempt=1 | workflow_id=installment-monitor-0c776d20-9638-473b-8e20-5138ae2fc9b6 | run_id=019c4257-0c2c-77a1-9460-cb76a36b8827 | request_id=0c776d20-9638-473b-8e20-5138ae2fc9b6 | total_installments=6 | current_expected_installment=2 | next_due_date=2026-03-01 00:00:00 +0000 UTC"}
{"level":"info","service":"dummy","time":"2026-02-09T17:48:46+05:30","caller":"/Users/varunshpe/CEPT/pli-revival-backend-code/bootstrap/inst.go:24","message":"Monitoring installment | Namespace=default | TaskQueue=revival | WorkerID=57463@HPE-DJHXMY9XQ3@ | WorkflowType=InstallmentMonitorWorkflow | WorkflowID=installment-monitor-0c776d20-9638-473b-8e20-5138ae2fc9b6 | RunID=019c4257-0c2c-77a1-9460-cb76a36b8827 | Attempt=1 | installment_number=2 | due_date=2026-03-01 00:00:00 +0000 UTC | current_time=2026-02-09 12:18:46.958756 +0000 UTC"}
{"level":"info","service":"dummy","time":"2026-02-09T17:48:46+05:30","caller":"/Users/varunshpe/CEPT/pli-revival-backend-code/bootstrap/inst.go:24","message":"Waiting for payment or timeout | Namespace=default | TaskQueue=revival | WorkerID=57463@HPE-DJHXMY9XQ3@ | WorkflowType=InstallmentMonitorWorkflow | WorkflowID=installment-monitor-0c776d20-9638-473b-8e20-5138ae2fc9b6 | RunID=019c4257-0c2c-77a1-9460-cb76a36b8827 | Attempt=1 | installment_number=2"}
{"level":"info","service":"app","version":"1.0.0","time":"2026-02-09T17:48:59+05:30","caller":"/Users/varunshpe/CEPT/pli-revival-backend-code/handler/revival.go:1446","message":"Starting BatchInstallmentProcessingWorkflow%!(EXTRA string=ticket_id, string=PSREYVc558ad4d-53f, string=num_installments, int=2, string=starting_installment, int=2)"}
{"level":"info","service":"dummy","time":"2026-02-09T17:48:59+05:30","caller":"/Users/varunshpe/CEPT/pli-revival-backend-code/bootstrap/inst.go:24","message":"BatchInstallmentProcessingWorkflow started | Namespace=default | TaskQueue=revival | WorkerID=57463@HPE-DJHXMY9XQ3@ | WorkflowType=BatchInstallmentProcessingWorkflow | WorkflowID=batch-installment-0c776d20-9638-473b-8e20-5138ae2fc9b6-2-1770639539 | RunID=019c4257-3b97-788b-adee-b1912713a4e6 | Attempt=1 | request_id=0c776d20-9638-473b-8e20-5138ae2fc9b6 | ticket_id=PSREYVc558ad4d-53f | num_installments=2 | atomic_mode=false"}
{"level":"info","service":"dummy","time":"2026-02-09T17:48:59+05:30","caller":"/Users/varunshpe/CEPT/pli-revival-backend-code/bootstrap/inst.go:24","message":"Signaling installment in batch | Namespace=default | TaskQueue=revival | WorkerID=57463@HPE-DJHXMY9XQ3@ | WorkflowType=BatchInstallmentProcessingWorkflow | WorkflowID=batch-installment-0c776d20-9638-473b-8e20-5138ae2fc9b6-2-1770639539 | RunID=019c4257-3b97-788b-adee-b1912713a4e6 | Attempt=1 | sequence=1 | installment_number=2 | amount=155663.75"}
{"level":"info","service":"dummy","time":"2026-02-09T17:48:59+05:30","caller":"/Users/varunshpe/CEPT/pli-revival-backend-code/bootstrap/inst.go:24","message":"Signaling InstallmentMonitorWorkflow from batch | Namespace=default | TaskQueue=revival | WorkerID=57463@HPE-DJHXMY9XQ3@ | WorkflowType=BatchInstallmentProcessingWorkflow | WorkflowID=batch-installment-0c776d20-9638-473b-8e20-5138ae2fc9b6-2-1770639539 | RunID=019c4257-3b97-788b-adee-b1912713a4e6 | Attempt=1 | monitor_workflow_id=installment-monitor-0c776d20-9638-473b-8e20-5138ae2fc9b6 | signal_name=installment-payment-received-2 | installment_number=2"}
{"level":"info","service":"dummy","time":"2026-02-09T17:48:59+05:30","caller":"/Users/varunshpe/CEPT/pli-revival-backend-code/bootstrap/inst.go:24","message":"Payment signal received | Namespace=default | TaskQueue=revival | WorkerID=57463@HPE-DJHXMY9XQ3@ | WorkflowType=InstallmentMonitorWorkflow | WorkflowID=installment-monitor-0c776d20-9638-473b-8e20-5138ae2fc9b6 | RunID=019c4257-0c2c-77a1-9460-cb76a36b8827 | Attempt=1 | expected_installment=2 | received_installment=2 | amount=155663.75 | payment_mode=CASH"}
{"level":"info","service":"dummy","time":"2026-02-09T17:48:59+05:30","caller":"/Users/varunshpe/CEPT/pli-revival-backend-code/bootstrap/inst.go:24","message":"Successfully signaled InstallmentMonitorWorkflow from batch | Namespace=default | TaskQueue=revival | WorkerID=57463@HPE-DJHXMY9XQ3@ | WorkflowType=BatchInstallmentProcessingWorkflow | WorkflowID=batch-installment-0c776d20-9638-473b-8e20-5138ae2fc9b6-2-1770639539 | RunID=019c4257-3b97-788b-adee-b1912713a4e6 | Attempt=1 | monitor_workflow_id=installment-monitor-0c776d20-9638-473b-8e20-5138ae2fc9b6 | installment_number=2 | successful_so_far=1"}
{"level":"info","service":"dummy","time":"2026-02-09T17:48:59+05:30","caller":"/Users/varunshpe/CEPT/pli-revival-backend-code/workflow/activities.go:284","message":"🎯 ProcessInstallmentActivity STARTED%!(EXTRA string=request_id, string=0c776d20-9638-473b-8e20-5138ae2fc9b6, string=installment_number, int=2, string=amount, float64=155663.75, string=payment_mode, string=CASH, string=status, string=PAID)"}
{"level":"info","service":"dummy","time":"2026-02-09T17:48:59+05:30","caller":"/Users/varunshpe/CEPT/pli-revival-backend-code/workflow/activities.go:324","message":"💰 Processing PAID installment%!(EXTRA string=installment_number, int=2)"}
{"level":"info","service":"dummy","time":"2026-02-09T17:48:59+05:30","caller":"/Users/varunshpe/CEPT/pli-revival-backend-code/workflow/activities.go:327","message":"⬆️ Incrementing installments_paid%!(EXTRA string=request_id, string=0c776d20-9638-473b-8e20-5138ae2fc9b6)"}
{"level":"info","service":"dummy","time":"2026-02-09T17:48:59+05:30","caller":"/Users/varunshpe/CEPT/pli-revival-backend-code/workflow/activities.go:333","message":"✅ Successfully incremented installments_paid"}
{"level":"info","service":"dummy","time":"2026-02-09T17:48:59+05:30","caller":"/Users/varunshpe/CEPT/pli-revival-backend-code/workflow/activities.go:347","message":"💳 Creating payment record in database%!(EXTRA string=request_id, string=0c776d20-9638-473b-8e20-5138ae2fc9b6, string=installment_number, int=2, string=amount, float64=155663.75)"}
{"level":"info","service":"app","version":"1.0.0","time":"2026-02-09T17:48:59+05:30","caller":"/Users/varunshpe/CEPT/pli-revival-backend-code/repo/postgres/payment.go:176","message":"💳 Inserting payment record using dblib.Insert%!(EXTRA string=payment_id, string=1ac6d8a4-169f-46bd-baf5-411b9fc6c8d0, string=batch_id, string=8bd48ad1-39ea-4e2e-9ad0-5fa5c67ede60, string=installment_number, *int=0xc0008ec810, string=amount, float64=155663.75)"}
{"level":"info","service":"app","version":"1.0.0","time":"2026-02-09T17:48:59+05:30","caller":"/Users/varunshpe/CEPT/pli-revival-backend-code/repo/postgres/payment.go:221","message":"✅ Payment inserted successfully via dblib.Insert%!(EXTRA string=payment_id, string=1ac6d8a4-169f-46bd-baf5-411b9fc6c8d0)"}
{"level":"info","service":"dummy","time":"2026-02-09T17:48:59+05:30","caller":"/Users/varunshpe/CEPT/pli-revival-backend-code/workflow/activities.go:358","message":"✅ Payment record created successfully%!(EXTRA string=payment_id, string=1ac6d8a4-169f-46bd-baf5-411b9fc6c8d0)"}
{"level":"info","service":"dummy","time":"2026-02-09T17:48:59+05:30","caller":"/Users/varunshpe/CEPT/pli-revival-backend-code/bootstrap/inst.go:24","message":"Installment payment processed successfully | Namespace=default | TaskQueue=revival | WorkerID=57463@HPE-DJHXMY9XQ3@ | WorkflowType=InstallmentMonitorWorkflow | WorkflowID=installment-monitor-0c776d20-9638-473b-8e20-5138ae2fc9b6 | RunID=019c4257-0c2c-77a1-9460-cb76a36b8827 | Attempt=1 | installment_number=2 | remaining_installments=4"}
{"level":"info","service":"dummy","time":"2026-02-09T17:48:59+05:30","caller":"/Users/varunshpe/CEPT/pli-revival-backend-code/bootstrap/inst.go:24","message":"Moved to next expected installment | Namespace=default | TaskQueue=revival | WorkerID=57463@HPE-DJHXMY9XQ3@ | WorkflowType=InstallmentMonitorWorkflow | WorkflowID=installment-monitor-0c776d20-9638-473b-8e20-5138ae2fc9b6 | RunID=019c4257-0c2c-77a1-9460-cb76a36b8827 | Attempt=1 | current_expected=3 | total_installments=6"}
{"level":"info","service":"dummy","time":"2026-02-09T17:48:59+05:30","caller":"/Users/varunshpe/CEPT/pli-revival-backend-code/bootstrap/inst.go:24","message":"Selector completed for installment | Namespace=default | TaskQueue=revival | WorkerID=57463@HPE-DJHXMY9XQ3@ | WorkflowType=InstallmentMonitorWorkflow | WorkflowID=installment-monitor-0c776d20-9638-473b-8e20-5138ae2fc9b6 | RunID=019c4257-0c2c-77a1-9460-cb76a36b8827 | Attempt=1 | installment_number=2"}
{"level":"info","service":"dummy","time":"2026-02-09T17:48:59+05:30","caller":"/Users/varunshpe/CEPT/pli-revival-backend-code/bootstrap/inst.go:24","message":"Monitoring installment | Namespace=default | TaskQueue=revival | WorkerID=57463@HPE-DJHXMY9XQ3@ | WorkflowType=InstallmentMonitorWorkflow | WorkflowID=installment-monitor-0c776d20-9638-473b-8e20-5138ae2fc9b6 | RunID=019c4257-0c2c-77a1-9460-cb76a36b8827 | Attempt=1 | installment_number=3 | due_date=2026-04-01 00:00:00 +0000 UTC | current_time=2026-02-09 12:18:59.117957 +0000 UTC"}
{"level":"info","service":"dummy","time":"2026-02-09T17:48:59+05:30","caller":"/Users/varunshpe/CEPT/pli-revival-backend-code/bootstrap/inst.go:24","message":"Waiting for payment or timeout | Namespace=default | TaskQueue=revival | WorkerID=57463@HPE-DJHXMY9XQ3@ | WorkflowType=InstallmentMonitorWorkflow | WorkflowID=installment-monitor-0c776d20-9638-473b-8e20-5138ae2fc9b6 | RunID=019c4257-0c2c-77a1-9460-cb76a36b8827 | Attempt=1 | installment_number=3"}
{"level":"info","service":"dummy","time":"2026-02-09T17:49:00+05:30","caller":"/Users/varunshpe/CEPT/pli-revival-backend-code/bootstrap/inst.go:24","message":"Signaling installment in batch | Namespace=default | TaskQueue=revival | WorkerID=57463@HPE-DJHXMY9XQ3@ | WorkflowType=BatchInstallmentProcessingWorkflow | WorkflowID=batch-installment-0c776d20-9638-473b-8e20-5138ae2fc9b6-2-1770639539 | RunID=019c4257-3b97-788b-adee-b1912713a4e6 | Attempt=1 | sequence=2 | installment_number=3 | amount=155663.75"}
{"level":"info","service":"dummy","time":"2026-02-09T17:49:00+05:30","caller":"/Users/varunshpe/CEPT/pli-revival-backend-code/bootstrap/inst.go:24","message":"Signaling InstallmentMonitorWorkflow from batch | Namespace=default | TaskQueue=revival | WorkerID=57463@HPE-DJHXMY9XQ3@ | WorkflowType=BatchInstallmentProcessingWorkflow | WorkflowID=batch-installment-0c776d20-9638-473b-8e20-5138ae2fc9b6-2-1770639539 | RunID=019c4257-3b97-788b-adee-b1912713a4e6 | Attempt=1 | monitor_workflow_id=installment-monitor-0c776d20-9638-473b-8e20-5138ae2fc9b6 | signal_name=installment-payment-received-3 | installment_number=3"}
{"level":"info","service":"dummy","time":"2026-02-09T17:49:00+05:30","caller":"/Users/varunshpe/CEPT/pli-revival-backend-code/bootstrap/inst.go:24","message":"Payment signal received | Namespace=default | TaskQueue=revival | WorkerID=57463@HPE-DJHXMY9XQ3@ | WorkflowType=InstallmentMonitorWorkflow | WorkflowID=installment-monitor-0c776d20-9638-473b-8e20-5138ae2fc9b6 | RunID=019c4257-0c2c-77a1-9460-cb76a36b8827 | Attempt=1 | expected_installment=3 | received_installment=3 | amount=155663.75 | payment_mode=CASH"}
{"level":"info","service":"dummy","time":"2026-02-09T17:49:00+05:30","caller":"/Users/varunshpe/CEPT/pli-revival-backend-code/bootstrap/inst.go:24","message":"Successfully signaled InstallmentMonitorWorkflow from batch | Namespace=default | TaskQueue=revival | WorkerID=57463@HPE-DJHXMY9XQ3@ | WorkflowType=BatchInstallmentProcessingWorkflow | WorkflowID=batch-installment-0c776d20-9638-473b-8e20-5138ae2fc9b6-2-1770639539 | RunID=019c4257-3b97-788b-adee-b1912713a4e6 | Attempt=1 | monitor_workflow_id=installment-monitor-0c776d20-9638-473b-8e20-5138ae2fc9b6 | installment_number=3 | successful_so_far=2"}
{"level":"info","service":"dummy","time":"2026-02-09T17:49:00+05:30","caller":"/Users/varunshpe/CEPT/pli-revival-backend-code/workflow/activities.go:284","message":"🎯 ProcessInstallmentActivity STARTED%!(EXTRA string=request_id, string=0c776d20-9638-473b-8e20-5138ae2fc9b6, string=installment_number, int=3, string=amount, float64=155663.75, string=payment_mode, string=CASH, string=status, string=PAID)"}
{"level":"info","service":"dummy","time":"2026-02-09T17:49:00+05:30","caller":"/Users/varunshpe/CEPT/pli-revival-backend-code/workflow/activities.go:324","message":"💰 Processing PAID installment%!(EXTRA string=installment_number, int=3)"}
{"level":"info","service":"dummy","time":"2026-02-09T17:49:00+05:30","caller":"/Users/varunshpe/CEPT/pli-revival-backend-code/workflow/activities.go:327","message":"⬆️ Incrementing installments_paid%!(EXTRA string=request_id, string=0c776d20-9638-473b-8e20-5138ae2fc9b6)"}
{"level":"info","service":"dummy","time":"2026-02-09T17:49:00+05:30","caller":"/Users/varunshpe/CEPT/pli-revival-backend-code/workflow/activities.go:333","message":"✅ Successfully incremented installments_paid"}
{"level":"info","service":"dummy","time":"2026-02-09T17:49:00+05:30","caller":"/Users/varunshpe/CEPT/pli-revival-backend-code/workflow/activities.go:347","message":"💳 Creating payment record in database%!(EXTRA string=request_id, string=0c776d20-9638-473b-8e20-5138ae2fc9b6, string=installment_number, int=3, string=amount, float64=155663.75)"}
{"level":"info","service":"app","version":"1.0.0","time":"2026-02-09T17:49:00+05:30","caller":"/Users/varunshpe/CEPT/pli-revival-backend-code/repo/postgres/payment.go:176","message":"💳 Inserting payment record using dblib.Insert%!(EXTRA string=payment_id, string=67e90295-653e-47c6-8698-92be9ad0cd4b, string=batch_id, string=724548c9-57c3-44a5-aa6d-c29fba35b283, string=installment_number, *int=0xc0008ece40, string=amount, float64=155663.75)"}
{"level":"info","service":"app","version":"1.0.0","time":"2026-02-09T17:49:00+05:30","caller":"/Users/varunshpe/CEPT/pli-revival-backend-code/repo/postgres/payment.go:221","message":"✅ Payment inserted successfully via dblib.Insert%!(EXTRA string=payment_id, string=67e90295-653e-47c6-8698-92be9ad0cd4b)"}
{"level":"info","service":"dummy","time":"2026-02-09T17:49:00+05:30","caller":"/Users/varunshpe/CEPT/pli-revival-backend-code/workflow/activities.go:358","message":"✅ Payment record created successfully%!(EXTRA string=payment_id, string=67e90295-653e-47c6-8698-92be9ad0cd4b)"}
{"level":"info","service":"dummy","time":"2026-02-09T17:49:00+05:30","caller":"/Users/varunshpe/CEPT/pli-revival-backend-code/bootstrap/inst.go:24","message":"Installment payment processed successfully | Namespace=default | TaskQueue=revival | WorkerID=57463@HPE-DJHXMY9XQ3@ | WorkflowType=InstallmentMonitorWorkflow | WorkflowID=installment-monitor-0c776d20-9638-473b-8e20-5138ae2fc9b6 | RunID=019c4257-0c2c-77a1-9460-cb76a36b8827 | Attempt=1 | installment_number=3 | remaining_installments=3"}
{"level":"info","service":"dummy","time":"2026-02-09T17:49:00+05:30","caller":"/Users/varunshpe/CEPT/pli-revival-backend-code/bootstrap/inst.go:24","message":"Moved to next expected installment | Namespace=default | TaskQueue=revival | WorkerID=57463@HPE-DJHXMY9XQ3@ | WorkflowType=InstallmentMonitorWorkflow | WorkflowID=installment-monitor-0c776d20-9638-473b-8e20-5138ae2fc9b6 | RunID=019c4257-0c2c-77a1-9460-cb76a36b8827 | Attempt=1 | current_expected=4 | total_installments=6"}
{"level":"info","service":"dummy","time":"2026-02-09T17:49:00+05:30","caller":"/Users/varunshpe/CEPT/pli-revival-backend-code/bootstrap/inst.go:24","message":"Selector completed for installment | Namespace=default | TaskQueue=revival | WorkerID=57463@HPE-DJHXMY9XQ3@ | WorkflowType=InstallmentMonitorWorkflow | WorkflowID=installment-monitor-0c776d20-9638-473b-8e20-5138ae2fc9b6 | RunID=019c4257-0c2c-77a1-9460-cb76a36b8827 | Attempt=1 | installment_number=3"}
{"level":"info","service":"dummy","time":"2026-02-09T17:49:00+05:30","caller":"/Users/varunshpe/CEPT/pli-revival-backend-code/bootstrap/inst.go:24","message":"Monitoring installment | Namespace=default | TaskQueue=revival | WorkerID=57463@HPE-DJHXMY9XQ3@ | WorkflowType=InstallmentMonitorWorkflow | WorkflowID=installment-monitor-0c776d20-9638-473b-8e20-5138ae2fc9b6 | RunID=019c4257-0c2c-77a1-9460-cb76a36b8827 | Attempt=1 | installment_number=4 | due_date=2026-05-01 00:00:00 +0000 UTC | current_time=2026-02-09 12:19:00.127441 +0000 UTC"}
{"level":"info","service":"dummy","time":"2026-02-09T17:49:00+05:30","caller":"/Users/varunshpe/CEPT/pli-revival-backend-code/bootstrap/inst.go:24","message":"Waiting for payment or timeout | Namespace=default | TaskQueue=revival | WorkerID=57463@HPE-DJHXMY9XQ3@ | WorkflowType=InstallmentMonitorWorkflow | WorkflowID=installment-monitor-0c776d20-9638-473b-8e20-5138ae2fc9b6 | RunID=019c4257-0c2c-77a1-9460-cb76a36b8827 | Attempt=1 | installment_number=4"}
{"level":"info","service":"dummy","time":"2026-02-09T17:49:01+05:30","caller":"/Users/varunshpe/CEPT/pli-revival-backend-code/bootstrap/inst.go:24","message":"BatchInstallmentProcessingWorkflow completed | Namespace=default | TaskQueue=revival | WorkerID=57463@HPE-DJHXMY9XQ3@ | WorkflowType=BatchInstallmentProcessingWorkflow | WorkflowID=batch-installment-0c776d20-9638-473b-8e20-5138ae2fc9b6-2-1770639539 | RunID=019c4257-3b97-788b-adee-b1912713a4e6 | Attempt=1 | total_submitted=2 | successful=2 | failed=0"}
{"level":"info","service":"app","version":"1.0.0","time":"2026-02-09T17:49:01+05:30","caller":"/Users/varunshpe/CEPT/pli-revival-backend-code/handler/revival.go:1487","message":"Batch workflow completed%!(EXTRA string=ticket_id, string=PSREYVc558ad4d-53f, string=successful, int=2, string=failed, int=0)"}
{"level":"info","service":"app","version":"1.0.0","request-id":"be92347f-a796-4605-84ef-5451e5114e51","trace_id":"","office-id":"","user-id":"","user-agent":"PostmanRuntime/7.51.1","client-ip":"::1","method":"POST","path":"/v1/revival/installments","protocol":"HTTP/1.1","http-referer":"","status":200,"latency-ms":2036,"bytes-received":354,"bytes-sent":1055,"time":"2026-02-09T17:49:01+05:30","message":"request"}
[DEBUG] TicketID: PSREYVc558ad4d-53f, currentInstallment: 4, num: 1, NumberOfInstallments: 0xc000926a78
[DEBUG] Branch: single, premiumAmount: <nil>, premiumCGST: <nil>, premiumSGST: <nil>
{"level":"info","service":"app","version":"1.0.0","request-id":"7291c10c-d18e-4cef-b74e-22a3cb56a5bf","trace_id":"","office-id":"","user-id":"","user-agent":"PostmanRuntime/7.51.1","client-ip":"::1","method":"GET","path":"/v1/revival/requests/PSREYVc558ad4d-53f/installments?policy_number=0000000000001&number_of_installments=1&office_id=Off1","protocol":"HTTP/1.1","http-referer":"","status":200,"latency-ms":3,"bytes-received":0,"bytes-sent":354,"time":"2026-02-09T17:49:58+05:30","message":"request"}
{"level":"debug","service":"app","version":"1.0.0","time":"2026-02-09T17:50:16+05:30","caller":"/Users/varunshpe/CEPT/pli-revival-backend-code/handler/revival.go:1097","message":" this after checking revival request"}
{"level":"debug","service":"app","version":"1.0.0","time":"2026-02-09T17:50:16+05:30","caller":"/Users/varunshpe/CEPT/pli-revival-backend-code/handler/revival.go:1126","message":" this after checking active status"}
{"level":"info","service":"app","version":"1.0.0","time":"2026-02-09T17:50:16+05:30","caller":"/Users/varunshpe/CEPT/pli-revival-backend-code/handler/revival.go:1162","message":"Sequential installment validation%!(EXTRA string=installments_paid, int=3, string=next_expected, int=4, string=requested_installment, int=4)"}
revival amout 912571.28 remaining: 445580.03 total 466991.25
{"level":"debug","service":"app","version":"1.0.0","time":"2026-02-09T17:50:16+05:30","caller":"/Users/varunshpe/CEPT/pli-revival-backend-code/handler/revival.go:1247","message":"Due date received:%!(EXTRA time.Time=2026-03-01 00:00:00 +0000 UTC, string=Day:, int=1)"}
{"level":"info","service":"app","version":"1.0.0","time":"2026-02-09T17:50:16+05:30","caller":"/Users/varunshpe/CEPT/pli-revival-backend-code/handler/revival.go:1260","message":"Signaling InstallmentMonitorWorkflow%!(EXTRA string=monitor_workflow_id, string=installment-monitor-0c776d20-9638-473b-8e20-5138ae2fc9b6, string=signal_name, string=installment-payment-received-4, string=installment_number, int=4)"}
{"level":"info","service":"app","version":"1.0.0","time":"2026-02-09T17:50:16+05:30","caller":"/Users/varunshpe/CEPT/pli-revival-backend-code/handler/revival.go:1284","message":"Successfully signaled InstallmentMonitorWorkflow%!(EXTRA string=monitor_workflow_id, string=installment-monitor-0c776d20-9638-473b-8e20-5138ae2fc9b6, string=installment_number, int=4, string=attempt, int=1)"}
{"level":"info","service":"app","version":"1.0.0","request-id":"18de7092-f700-41d4-b314-40360b6ca784","trace_id":"","office-id":"","user-id":"","user-agent":"PostmanRuntime/7.51.1","client-ip":"::1","method":"POST","path":"/v1/revival/installments","protocol":"HTTP/1.1","http-referer":"","status":200,"latency-ms":11,"bytes-received":355,"bytes-sent":599,"time":"2026-02-09T17:50:16+05:30","message":"request"}
{"level":"info","service":"dummy","time":"2026-02-09T17:50:16+05:30","caller":"/Users/varunshpe/CEPT/pli-revival-backend-code/bootstrap/inst.go:24","message":"Payment signal received | Namespace=default | TaskQueue=revival | WorkerID=57463@HPE-DJHXMY9XQ3@ | WorkflowType=InstallmentMonitorWorkflow | WorkflowID=installment-monitor-0c776d20-9638-473b-8e20-5138ae2fc9b6 | RunID=019c4257-0c2c-77a1-9460-cb76a36b8827 | Attempt=1 | expected_installment=4 | received_installment=4 | amount=155663.75 | payment_mode=CASH"}
{"level":"info","service":"dummy","time":"2026-02-09T17:50:16+05:30","caller":"/Users/varunshpe/CEPT/pli-revival-backend-code/workflow/activities.go:284","message":"🎯 ProcessInstallmentActivity STARTED%!(EXTRA string=request_id, string=0c776d20-9638-473b-8e20-5138ae2fc9b6, string=installment_number, int=4, string=amount, float64=155663.75, string=payment_mode, string=CASH, string=status, string=PAID)"}
{"level":"info","service":"dummy","time":"2026-02-09T17:50:16+05:30","caller":"/Users/varunshpe/CEPT/pli-revival-backend-code/workflow/activities.go:324","message":"💰 Processing PAID installment%!(EXTRA string=installment_number, int=4)"}
{"level":"info","service":"dummy","time":"2026-02-09T17:50:16+05:30","caller":"/Users/varunshpe/CEPT/pli-revival-backend-code/workflow/activities.go:327","message":"⬆️ Incrementing installments_paid%!(EXTRA string=request_id, string=0c776d20-9638-473b-8e20-5138ae2fc9b6)"}
{"level":"info","service":"dummy","time":"2026-02-09T17:50:16+05:30","caller":"/Users/varunshpe/CEPT/pli-revival-backend-code/workflow/activities.go:333","message":"✅ Successfully incremented installments_paid"}
{"level":"info","service":"dummy","time":"2026-02-09T17:50:16+05:30","caller":"/Users/varunshpe/CEPT/pli-revival-backend-code/workflow/activities.go:347","message":"💳 Creating payment record in database%!(EXTRA string=request_id, string=0c776d20-9638-473b-8e20-5138ae2fc9b6, string=installment_number, int=4, string=amount, float64=155663.75)"}
{"level":"info","service":"app","version":"1.0.0","time":"2026-02-09T17:50:16+05:30","caller":"/Users/varunshpe/CEPT/pli-revival-backend-code/repo/postgres/payment.go:176","message":"💳 Inserting payment record using dblib.Insert%!(EXTRA string=payment_id, string=a57bd2dc-2be7-41ba-92d1-3d8fb5a118e2, string=batch_id, string=2a487197-2326-4fc8-9732-5a83e296a27c, string=installment_number, *int=0xc0008eddb0, string=amount, float64=155663.75)"}
{"level":"info","service":"app","version":"1.0.0","time":"2026-02-09T17:50:16+05:30","caller":"/Users/varunshpe/CEPT/pli-revival-backend-code/repo/postgres/payment.go:221","message":"✅ Payment inserted successfully via dblib.Insert%!(EXTRA string=payment_id, string=a57bd2dc-2be7-41ba-92d1-3d8fb5a118e2)"}
{"level":"info","service":"dummy","time":"2026-02-09T17:50:16+05:30","caller":"/Users/varunshpe/CEPT/pli-revival-backend-code/workflow/activities.go:358","message":"✅ Payment record created successfully%!(EXTRA string=payment_id, string=a57bd2dc-2be7-41ba-92d1-3d8fb5a118e2)"}
{"level":"info","service":"dummy","time":"2026-02-09T17:50:16+05:30","caller":"/Users/varunshpe/CEPT/pli-revival-backend-code/bootstrap/inst.go:24","message":"Installment payment processed successfully | Namespace=default | TaskQueue=revival | WorkerID=57463@HPE-DJHXMY9XQ3@ | WorkflowType=InstallmentMonitorWorkflow | WorkflowID=installment-monitor-0c776d20-9638-473b-8e20-5138ae2fc9b6 | RunID=019c4257-0c2c-77a1-9460-cb76a36b8827 | Attempt=1 | installment_number=4 | remaining_installments=2"}
{"level":"info","service":"dummy","time":"2026-02-09T17:50:16+05:30","caller":"/Users/varunshpe/CEPT/pli-revival-backend-code/bootstrap/inst.go:24","message":"Moved to next expected installment | Namespace=default | TaskQueue=revival | WorkerID=57463@HPE-DJHXMY9XQ3@ | WorkflowType=InstallmentMonitorWorkflow | WorkflowID=installment-monitor-0c776d20-9638-473b-8e20-5138ae2fc9b6 | RunID=019c4257-0c2c-77a1-9460-cb76a36b8827 | Attempt=1 | current_expected=5 | total_installments=6"}
{"level":"info","service":"dummy","time":"2026-02-09T17:50:16+05:30","caller":"/Users/varunshpe/CEPT/pli-revival-backend-code/bootstrap/inst.go:24","message":"Selector completed for installment | Namespace=default | TaskQueue=revival | WorkerID=57463@HPE-DJHXMY9XQ3@ | WorkflowType=InstallmentMonitorWorkflow | WorkflowID=installment-monitor-0c776d20-9638-473b-8e20-5138ae2fc9b6 | RunID=019c4257-0c2c-77a1-9460-cb76a36b8827 | Attempt=1 | installment_number=4"}
{"level":"info","service":"dummy","time":"2026-02-09T17:50:16+05:30","caller":"/Users/varunshpe/CEPT/pli-revival-backend-code/bootstrap/inst.go:24","message":"Monitoring installment | Namespace=default | TaskQueue=revival | WorkerID=57463@HPE-DJHXMY9XQ3@ | WorkflowType=InstallmentMonitorWorkflow | WorkflowID=installment-monitor-0c776d20-9638-473b-8e20-5138ae2fc9b6 | RunID=019c4257-0c2c-77a1-9460-cb76a36b8827 | Attempt=1 | installment_number=5 | due_date=2026-06-01 00:00:00 +0000 UTC | current_time=2026-02-09 12:20:16.346451 +0000 UTC"}
{"level":"info","service":"dummy","time":"2026-02-09T17:50:16+05:30","caller":"/Users/varunshpe/CEPT/pli-revival-backend-code/bootstrap/inst.go:24","message":"Waiting for payment or timeout | Namespace=default | TaskQueue=revival | WorkerID=57463@HPE-DJHXMY9XQ3@ | WorkflowType=InstallmentMonitorWorkflow | WorkflowID=installment-monitor-0c776d20-9638-473b-8e20-5138ae2fc9b6 | RunID=019c4257-0c2c-77a1-9460-cb76a36b8827 | Attempt=1 | installment_number=5"}
[DEBUG] TicketID: PSREYVc558ad4d-53f, currentInstallment: 5, num: 2, NumberOfInstallments: 0xc000a24908
[DEBUG] Branch: multiple, num: 2, installmentAmount: 311327.50, totalAmount: 311327.50
{"level":"info","service":"app","version":"1.0.0","request-id":"ac6e460c-5728-4e72-81e3-18af5fbdf92a","trace_id":"","office-id":"","user-id":"","user-agent":"PostmanRuntime/7.51.1","client-ip":"::1","method":"GET","path":"/v1/revival/requests/PSREYVc558ad4d-53f/installments?policy_number=0000000000001&number_of_installments=2&office_id=Off1","protocol":"HTTP/1.1","http-referer":"","status":200,"latency-ms":3,"bytes-received":0,"bytes-sent":351,"time":"2026-02-09T17:50:52+05:30","message":"request"}
{"level":"debug","service":"app","version":"1.0.0","time":"2026-02-09T17:51:10+05:30","caller":"/Users/varunshpe/CEPT/pli-revival-backend-code/handler/revival.go:1097","message":" this after checking revival request"}
{"level":"debug","service":"app","version":"1.0.0","time":"2026-02-09T17:51:10+05:30","caller":"/Users/varunshpe/CEPT/pli-revival-backend-code/handler/revival.go:1126","message":" this after checking active status"}
{"level":"info","service":"app","version":"1.0.0","time":"2026-02-09T17:51:10+05:30","caller":"/Users/varunshpe/CEPT/pli-revival-backend-code/handler/revival.go:1162","message":"Sequential installment validation%!(EXTRA string=installments_paid, int=4, string=next_expected, int=5, string=requested_installment, int=5)"}
revival amout 912571.28 remaining: 289916.28 total 622655
{"level":"debug","service":"app","version":"1.0.0","time":"2026-02-09T17:51:10+05:30","caller":"/Users/varunshpe/CEPT/pli-revival-backend-code/handler/revival.go:1247","message":"Due date received:%!(EXTRA time.Time=2026-03-01 00:00:00 +0000 UTC, string=Day:, int=1)"}
{"level":"info","service":"app","version":"1.0.0","time":"2026-02-09T17:51:10+05:30","caller":"/Users/varunshpe/CEPT/pli-revival-backend-code/handler/revival.go:1260","message":"Signaling InstallmentMonitorWorkflow%!(EXTRA string=monitor_workflow_id, string=installment-monitor-0c776d20-9638-473b-8e20-5138ae2fc9b6, string=signal_name, string=installment-payment-received-5, string=installment_number, int=5)"}
{"level":"info","service":"app","version":"1.0.0","time":"2026-02-09T17:51:10+05:30","caller":"/Users/varunshpe/CEPT/pli-revival-backend-code/handler/revival.go:1284","message":"Successfully signaled InstallmentMonitorWorkflow%!(EXTRA string=monitor_workflow_id, string=installment-monitor-0c776d20-9638-473b-8e20-5138ae2fc9b6, string=installment_number, int=5, string=attempt, int=1)"}
{"level":"info","service":"app","version":"1.0.0","request-id":"a8b784d7-478e-4f86-b96f-24785699d7b6","trace_id":"","office-id":"","user-id":"","user-agent":"PostmanRuntime/7.51.1","client-ip":"::1","method":"POST","path":"/v1/revival/installments","protocol":"HTTP/1.1","http-referer":"","status":200,"latency-ms":4,"bytes-received":355,"bytes-sent":599,"time":"2026-02-09T17:51:10+05:30","message":"request"}
{"level":"info","service":"dummy","time":"2026-02-09T17:51:10+05:30","caller":"/Users/varunshpe/CEPT/pli-revival-backend-code/bootstrap/inst.go:24","message":"Payment signal received | Namespace=default | TaskQueue=revival | WorkerID=57463@HPE-DJHXMY9XQ3@ | WorkflowType=InstallmentMonitorWorkflow | WorkflowID=installment-monitor-0c776d20-9638-473b-8e20-5138ae2fc9b6 | RunID=019c4257-0c2c-77a1-9460-cb76a36b8827 | Attempt=1 | expected_installment=5 | received_installment=5 | amount=155663.75 | payment_mode=CASH"}
{"level":"info","service":"dummy","time":"2026-02-09T17:51:10+05:30","caller":"/Users/varunshpe/CEPT/pli-revival-backend-code/workflow/activities.go:284","message":"🎯 ProcessInstallmentActivity STARTED%!(EXTRA string=request_id, string=0c776d20-9638-473b-8e20-5138ae2fc9b6, string=installment_number, int=5, string=amount, float64=155663.75, string=payment_mode, string=CASH, string=status, string=PAID)"}
{"level":"info","service":"dummy","time":"2026-02-09T17:51:10+05:30","caller":"/Users/varunshpe/CEPT/pli-revival-backend-code/workflow/activities.go:324","message":"💰 Processing PAID installment%!(EXTRA string=installment_number, int=5)"}
{"level":"info","service":"dummy","time":"2026-02-09T17:51:10+05:30","caller":"/Users/varunshpe/CEPT/pli-revival-backend-code/workflow/activities.go:327","message":"⬆️ Incrementing installments_paid%!(EXTRA string=request_id, string=0c776d20-9638-473b-8e20-5138ae2fc9b6)"}
{"level":"info","service":"dummy","time":"2026-02-09T17:51:10+05:30","caller":"/Users/varunshpe/CEPT/pli-revival-backend-code/workflow/activities.go:333","message":"✅ Successfully incremented installments_paid"}
{"level":"info","service":"dummy","time":"2026-02-09T17:51:10+05:30","caller":"/Users/varunshpe/CEPT/pli-revival-backend-code/workflow/activities.go:347","message":"💳 Creating payment record in database%!(EXTRA string=request_id, string=0c776d20-9638-473b-8e20-5138ae2fc9b6, string=installment_number, int=5, string=amount, float64=155663.75)"}
{"level":"info","service":"app","version":"1.0.0","time":"2026-02-09T17:51:10+05:30","caller":"/Users/varunshpe/CEPT/pli-revival-backend-code/repo/postgres/payment.go:176","message":"💳 Inserting payment record using dblib.Insert%!(EXTRA string=payment_id, string=4534036a-799c-4607-b329-a4465fec482f, string=batch_id, string=a67f7142-e2e3-4660-8330-df3b8bad8111, string=installment_number, *int=0xc00097f850, string=amount, float64=155663.75)"}
{"level":"info","service":"app","version":"1.0.0","time":"2026-02-09T17:51:10+05:30","caller":"/Users/varunshpe/CEPT/pli-revival-backend-code/repo/postgres/payment.go:221","message":"✅ Payment inserted successfully via dblib.Insert%!(EXTRA string=payment_id, string=4534036a-799c-4607-b329-a4465fec482f)"}
{"level":"info","service":"dummy","time":"2026-02-09T17:51:10+05:30","caller":"/Users/varunshpe/CEPT/pli-revival-backend-code/workflow/activities.go:358","message":"✅ Payment record created successfully%!(EXTRA string=payment_id, string=4534036a-799c-4607-b329-a4465fec482f)"}
{"level":"info","service":"dummy","time":"2026-02-09T17:51:10+05:30","caller":"/Users/varunshpe/CEPT/pli-revival-backend-code/bootstrap/inst.go:24","message":"Installment payment processed successfully | Namespace=default | TaskQueue=revival | WorkerID=57463@HPE-DJHXMY9XQ3@ | WorkflowType=InstallmentMonitorWorkflow | WorkflowID=installment-monitor-0c776d20-9638-473b-8e20-5138ae2fc9b6 | RunID=019c4257-0c2c-77a1-9460-cb76a36b8827 | Attempt=1 | installment_number=5 | remaining_installments=1"}
{"level":"info","service":"dummy","time":"2026-02-09T17:51:10+05:30","caller":"/Users/varunshpe/CEPT/pli-revival-backend-code/bootstrap/inst.go:24","message":"Moved to next expected installment | Namespace=default | TaskQueue=revival | WorkerID=57463@HPE-DJHXMY9XQ3@ | WorkflowType=InstallmentMonitorWorkflow | WorkflowID=installment-monitor-0c776d20-9638-473b-8e20-5138ae2fc9b6 | RunID=019c4257-0c2c-77a1-9460-cb76a36b8827 | Attempt=1 | current_expected=6 | total_installments=6"}
{"level":"info","service":"dummy","time":"2026-02-09T17:51:10+05:30","caller":"/Users/varunshpe/CEPT/pli-revival-backend-code/bootstrap/inst.go:24","message":"Selector completed for installment | Namespace=default | TaskQueue=revival | WorkerID=57463@HPE-DJHXMY9XQ3@ | WorkflowType=InstallmentMonitorWorkflow | WorkflowID=installment-monitor-0c776d20-9638-473b-8e20-5138ae2fc9b6 | RunID=019c4257-0c2c-77a1-9460-cb76a36b8827 | Attempt=1 | installment_number=5"}
{"level":"info","service":"dummy","time":"2026-02-09T17:51:10+05:30","caller":"/Users/varunshpe/CEPT/pli-revival-backend-code/bootstrap/inst.go:24","message":"Monitoring installment | Namespace=default | TaskQueue=revival | WorkerID=57463@HPE-DJHXMY9XQ3@ | WorkflowType=InstallmentMonitorWorkflow | WorkflowID=installment-monitor-0c776d20-9638-473b-8e20-5138ae2fc9b6 | RunID=019c4257-0c2c-77a1-9460-cb76a36b8827 | Attempt=1 | installment_number=6 | due_date=2026-07-01 00:00:00 +0000 UTC | current_time=2026-02-09 12:21:10.906733 +0000 UTC"}
{"level":"info","service":"dummy","time":"2026-02-09T17:51:10+05:30","caller":"/Users/varunshpe/CEPT/pli-revival-backend-code/bootstrap/inst.go:24","message":"Waiting for payment or timeout | Namespace=default | TaskQueue=revival | WorkerID=57463@HPE-DJHXMY9XQ3@ | WorkflowType=InstallmentMonitorWorkflow | WorkflowID=installment-monitor-0c776d20-9638-473b-8e20-5138ae2fc9b6 | RunID=019c4257-0c2c-77a1-9460-cb76a36b8827 | Attempt=1 | installment_number=6"}
{"level":"debug","service":"app","version":"1.0.0","time":"2026-02-09T17:51:28+05:30","caller":"/Users/varunshpe/CEPT/pli-revival-backend-code/handler/revival.go:1097","message":" this after checking revival request"}
{"level":"debug","service":"app","version":"1.0.0","time":"2026-02-09T17:51:28+05:30","caller":"/Users/varunshpe/CEPT/pli-revival-backend-code/handler/revival.go:1126","message":" this after checking active status"}
{"level":"info","service":"app","version":"1.0.0","time":"2026-02-09T17:51:28+05:30","caller":"/Users/varunshpe/CEPT/pli-revival-backend-code/handler/revival.go:1162","message":"Sequential installment validation%!(EXTRA string=installments_paid, int=5, string=next_expected, int=6, string=requested_installment, int=6)"}
revival amout 912571.28 remaining: 134252.53000000003 total 778318.75
{"level":"info","service":"app","version":"1.0.0","request-id":"b561ce95-6e72-49af-ae9a-da9dfc36a2ad","trace_id":"","office-id":"","user-id":"","user-agent":"PostmanRuntime/7.51.1","client-ip":"::1","method":"POST","path":"/v1/revival/installments","protocol":"HTTP/1.1","http-referer":"","status":200,"latency-ms":2,"bytes-received":355,"bytes-sent":325,"time":"2026-02-09T17:51:28+05:30","message":"request"}
{"level":"info","service":"app","version":"1.0.0","request-id":"89b7ef21-d5bc-412d-9a38-f7946a89de55","trace_id":"","office-id":"","user-id":"","user-agent":"PostmanRuntime/7.51.1","client-ip":"::1","method":"POST","path":"/v1/revival/policies/0000000000001/quote","protocol":"HTTP/1.1","http-referer":"","status":200,"latency-ms":3,"bytes-received":59,"bytes-sent":481,"time":"2026-02-09T18:05:50+05:30","message":"request"}
{"level":"info","service":"app","version":"1.0.0","request-id":"5346c85f-3101-4fc7-9bf7-dd761011772d","trace_id":"","office-id":"","user-id":"","user-agent":"PostmanRuntime/7.51.1","client-ip":"::1","method":"POST","path":"/v1/revival/policies/0000000000001/quote","protocol":"HTTP/1.1","http-referer":"","status":200,"latency-ms":1,"bytes-received":59,"bytes-sent":482,"time":"2026-02-09T18:16:54+05:30","message":"request"}
[DEBUG] TicketID: PSREYVc558ad4d-53f, currentInstallment: 6, num: 1, NumberOfInstallments: 0xc00097fd60
[DEBUG] Branch: single, premiumAmount: <nil>, premiumCGST: <nil>, premiumSGST: <nil>
{"level":"info","service":"app","version":"1.0.0","request-id":"5c6f3019-9f1e-49e6-9638-2ee2dd230a70","trace_id":"","office-id":"","user-id":"","user-agent":"PostmanRuntime/7.51.1","client-ip":"::1","method":"GET","path":"/v1/revival/requests/PSREYVc558ad4d-53f/installments?policy_number=0000000000001&number_of_installments=2&office_id=Off1","protocol":"HTTP/1.1","http-referer":"","status":200,"latency-ms":3,"bytes-received":0,"bytes-sent":354,"time":"2026-02-09T18:17:48+05:30","message":"request"}
{"level":"debug","service":"app","version":"1.0.0","time":"2026-02-09T18:18:04+05:30","caller":"/Users/varunshpe/CEPT/pli-revival-backend-code/handler/revival.go:1097","message":" this after checking revival request"}
{"level":"debug","service":"app","version":"1.0.0","time":"2026-02-09T18:18:04+05:30","caller":"/Users/varunshpe/CEPT/pli-revival-backend-code/handler/revival.go:1126","message":" this after checking active status"}
{"level":"info","service":"app","version":"1.0.0","time":"2026-02-09T18:18:04+05:30","caller":"/Users/varunshpe/CEPT/pli-revival-backend-code/handler/revival.go:1162","message":"Sequential installment validation%!(EXTRA string=installments_paid, int=5, string=next_expected, int=6, string=requested_installment, int=6)"}
revival amout 912571.28 remaining: 134252.53000000003 total 778318.75
{"level":"info","service":"app","version":"1.0.0","request-id":"c8802752-0035-4c94-9926-0027fbf73c05","trace_id":"","office-id":"","user-id":"","user-agent":"PostmanRuntime/7.51.1","client-ip":"::1","method":"POST","path":"/v1/revival/installments","protocol":"HTTP/1.1","http-referer":"","status":200,"latency-ms":5,"bytes-received":355,"bytes-sent":325,"time":"2026-02-09T18:18:04+05:30","message":"request"}
{"level":"debug","service":"app","version":"1.0.0","time":"2026-02-09T18:18:50+05:30","caller":"/Users/varunshpe/CEPT/pli-revival-backend-code/handler/revival.go:1097","message":" this after checking revival request"}
{"level":"error","service":"app","version":"1.0.0","time":"2026-02-09T18:18:50+05:30","caller":"/Users/varunshpe/CEPT/pli-revival-backend-code/handler/revival.go:1102","message":"Invalid installment amount%!(EXTRA string=expected, float64=155663.75, string=received, float64=134252.53000000003, string=installment_number, int=6)"}
{"level":"info","service":"app","version":"1.0.0","request-id":"96045077-9571-4ed8-b373-96d05fa44c3a","trace_id":"","office-id":"","user-id":"","user-agent":"PostmanRuntime/7.51.1","client-ip":"::1","method":"POST","path":"/v1/revival/installments","protocol":"HTTP/1.1","http-referer":"","status":200,"latency-ms":2,"bytes-received":364,"bytes-sent":342,"time":"2026-02-09T18:18:50+05:30","message":"request"}
{"level":"debug","service":"app","version":"1.0.0","time":"2026-02-09T18:19:03+05:30","caller":"/Users/varunshpe/CEPT/pli-revival-backend-code/handler/revival.go:1097","message":" this after checking revival request"}
{"level":"debug","service":"app","version":"1.0.0","time":"2026-02-09T18:19:03+05:30","caller":"/Users/varunshpe/CEPT/pli-revival-backend-code/handler/revival.go:1126","message":" this after checking active status"}
{"level":"info","service":"app","version":"1.0.0","time":"2026-02-09T18:19:03+05:30","caller":"/Users/varunshpe/CEPT/pli-revival-backend-code/handler/revival.go:1162","message":"Sequential installment validation%!(EXTRA string=installments_paid, int=5, string=next_expected, int=6, string=requested_installment, int=6)"}
revival amout 912571.28 remaining: 134252.53000000003 total 778318.75
{"level":"info","service":"app","version":"1.0.0","request-id":"b513045b-fa62-465e-8cfa-e0891c7abd4b","trace_id":"","office-id":"","user-id":"","user-agent":"PostmanRuntime/7.51.1","client-ip":"::1","method":"POST","path":"/v1/revival/installments","protocol":"HTTP/1.1","http-referer":"","status":200,"latency-ms":3,"bytes-received":355,"bytes-sent":325,"time":"2026-02-09T18:19:03+05:30","message":"request"}
